<?xml version="1.0" encoding="UTF-8"?>
<!-- Generated by org.testng.reporters.JUnitReportReporter -->
<testsuite hostname="LAPTOP-28B427OK" name="com.srpint2_Orange.TestRunner_TestNG" tests="1" failures="0" timestamp="8 Dec 2020 17:02:44 GMT" time="211.582" errors="0">
  <testcase name="feature" time="211.582" classname="com.srpint2_Orange.TestRunner_TestNG"/>
</testsuite> <!-- com.srpint2_Orange.TestRunner_TestNG -->
